<?xml version="1.0" encoding="UTF-8"?>
<testsuite xmlns:xsi="http://www.w3.org/2001/XMLSchema-instance" xsi:noNamespaceSchemaLocation="https://maven.apache.org/surefire/maven-surefire-plugin/xsd/surefire-test-report.xsd" name="TestSuite" time="29.829" tests="2" errors="0" skipped="0" failures="1">
  <properties>
[...]
</properties>
  <testcase name="addRemoveItem" classname="uk.com.automationtesting.AddRemoveItemBasketTest" time="8.075">
    <failure message="expected [$45.21] but found [$45.24]" type="java.lang.AssertionError">java.lang.AssertionError: expected [$45.21] but found [$45.24]
	at uk.com.automationtesting.AddRemoveItemBasketTest.addRemoveItem(AddRemoveItemBasketTest.java:56)
</failure>
    <system-out><![CDATA[$45.24
]]></system-out>
    <system-err><![CDATA[SLF4J: Failed to load class "org.slf4j.impl.StaticLoggerBinder".
SLF4J: Defaulting to no-operation (NOP) logger implementation
SLF4J: See http://www.slf4j.org/codes.html#StaticLoggerBinder for further details.
Starting ChromeDriver 106.0.5249.61 (511755355844955cd3e264779baf0dd38212a4d0-refs/branch-heads/5249@{#569}) on port 62242
Only local connections are allowed.
Please see https://chromedriverStar.cting ChhrromoemiDurmiv.er o10r6.0.g5/2s49ecu.ri6ty-1c o(5n11sid75e53ra55ti844on95s f5cdor3e264 sugge779sbationf0ds d3821on k2a4eeping ChromeDriver safe.d0-
refs/branch-heads/5249@{#569}) on port 58081
Only local connections are allowed.
Please see https://chromedriver.chromium.org/security-considerations for suggestions on keeping ChromeDriver safe.
ChromeDriver was ChrostmearDrteivd ersu wccasess sfutartedlly.
 successfully.
[1669471010.944][WAR[166947NING]: Thi1010.944]s version of Chrom[WARNING]:eDriver  This verhas notsion  bofee Cn tested with Chrome hromeDriver has not been tesversioted wn 107.
ith Chrome version 107.
лист. 26, 2022 3:56:51 ПП org.openqa.selenium.remote.ProtocolHandshake createSession
INFO: Detected upstream dialect: W3C
лист. 26, 2022 3:56:51 ПП org.openqa.selenium.remote.ProtocolHandshake createSession
INFO: Detected upstream dialect: W3C
лист. 26, 2022 3:56:51 ПП org.openqa.selenium.devtools.CdpVersionFinder findNearestMatch
WARNING: Unable to find an exact match for CDP version 107, so returning the closest version found: 104
лист. 26, 2022 3:56:51 ПП org.openqa.selenium.devtools.CdpVersionFinder findNearestMatch
WARNING: Unable to find an exact match for CDP version 107, so returning the closest version found: 104
лист. 26, 2022 3:56:51 ПП org.openqa.selenium.devtools.CdpVersionFinder findNearestMatch
INFO: Found CDP implementation for version 107 of 104
лист. 26, 2022 3:56:51 ПП org.openqa.selenium.devtools.CdpVersionFinder findNearestMatch
INFO: Found CDP implementation for version 107 of 104
]]></system-err>
  </testcase>
  <testcase name="endToEndTest" classname="uk.com.automationtesting.OrderCompleteTest" time="26.418"/>
</testsuite>