-------------------------------------------------------------------------------
Test set: TestSuite
-------------------------------------------------------------------------------
Tests run: 2, Failures: 1, Errors: 0, Skipped: 0, Time elapsed: 29.829 s <<< FAILURE! - in TestSuite
addRemoveItem(uk.com.automationtesting.AddRemoveItemBasketTest)  Time elapsed: 8.075 s  <<< FAILURE!
java.lang.AssertionError: expected [$45.21] but found [$45.24]
	at uk.com.automationtesting.AddRemoveItemBasketTest.addRemoveItem(AddRemoveItemBasketTest.java:56)

